<?xml version="1.0" encoding="utf-8"?><testsuites name="pytest tests"><testsuite name="pytest" errors="0" failures="0" skipped="0" tests="131" time="1.253" timestamp="2026-09-25T16:11:15.633680+00:00" hostname="vm"><testcase classname="tests.unit.test_release_gate_compiler" name="test_release_gate_bindings_are_preserved_in_the_compiled_plan[pdc_array]" time="0.009" /><testcase classname="tests.unit.test_release_gate_compiler" name="test_release_gate_bindings_are_preserved_in_the_compiled_plan[pdc_map]" time="0.005" /><testcase classname="tests.unit.test_release_gate_compiler" name="test_release_gate_bindings_are_preserved_in_the_compiled_plan[canonical_map]" time="0.005" /><testcase classname="tests.unit.test_release_gate_compiler" name="test_release_gate_invalid_binding_refuses_compilation[None]" time="0.004" /><testcase classname="tests.unit.test_release_gate_compiler" name="test_release_gate_invalid_binding_refuses_compilation[refs1]" time="0.004" /><testcase classname="tests.unit.test_release_gate_compiler" name="test_release_gate_invalid_binding_refuses_compilation[AC-001]" time="0.004" /><testcase classname="tests.unit.test_release_gate_compiler" name="test_release_gate_invalid_binding_refuses_compilation[refs3]" time="0.004" /><testcase classname="tests.unit.test_release_gate_compiler" name="test_release_gate_invalid_binding_refuses_compilation[refs4]" time="0.004" /><testcase classname="tests.unit.test_release_gate_compiler" name="test_release_gate_invalid_binding_refuses_compilation[refs5]" time="0.004" /><testcase classname="tests.unit.test_release_gate_compiler" name="test_description_only_gate_is_unbound_not_silently_dropped[False]" time="0.004" /><testcase classname="tests.unit.test_release_gate_compiler" name="test_description_only_gate_is_unbound_not_silently_dropped[True]" time="0.004" /><testcase classname="tests.unit.test_release_gate_compiler" name="test_malformed_or_unsupported_gate_cannot_be_dropped[None]" time="0.004" /><testcase classname="tests.unit.test_release_gate_compiler" name="test_malformed_or_unsupported_gate_cannot_be_dropped[all tests pass]" time="0.004" /><testcase classname="tests.unit.test_release_gate_compiler" name="test_malformed_or_unsupported_gate_cannot_be_dropped[gates2]" time="0.004" /><testcase classname="tests.unit.test_release_gate_compiler" name="test_malformed_or_unsupported_gate_cannot_be_dropped[gates3]" time="0.004" /><testcase classname="tests.unit.test_release_gate_compiler" name="test_malformed_or_unsupported_gate_cannot_be_dropped[gates4]" time="0.004" /><testcase classname="tests.unit.test_release_gate_compiler" name="test_malformed_or_unsupported_gate_cannot_be_dropped[gates5]" time="0.004" /><testcase classname="tests.unit.test_release_gate_compiler" name="test_malformed_or_unsupported_gate_cannot_be_dropped[gates6]" time="0.004" /><testcase classname="tests.unit.test_release_gate_compiler" name="test_malformed_or_unsupported_gate_cannot_be_dropped[gates7]" time="0.004" /><testcase classname="tests.unit.test_release_gate_compiler" name="test_malformed_or_unsupported_gate_cannot_be_dropped[gates8]" time="0.004" /><testcase classname="tests.unit.test_release_gate_compiler" name="test_competing_gate_declarations_are_not_merged_by_guessing" time="0.005" /><testcase classname="tests.unit.test_release_gate_compiler" name="test_contract_without_release_gates_still_compiles" time="0.004" /><testcase classname="tests.unit.test_release_gate_compiler" name="test_misplaced_gate_does_not_disappear_beside_valid_gate[False-None-release_gates]" time="0.004" /><testcase classname="tests.unit.test_release_gate_compiler" name="test_misplaced_gate_does_not_disappear_beside_valid_gate[False-None-binary_release_gate]" time="0.004" /><testcase classname="tests.unit.test_release_gate_compiler" name="test_misplaced_gate_does_not_disappear_beside_valid_gate[False-None-binary_release_gatez]" time="0.004" /><testcase classname="tests.unit.test_release_gate_compiler" name="test_misplaced_gate_does_not_disappear_beside_valid_gate[False-None-binary_release_gates_v2]" time="0.007" /><testcase classname="tests.unit.test_release_gate_compiler" name="test_misplaced_gate_does_not_disappear_beside_valid_gate[False-None-release_gates_extra]" time="0.007" /><testcase classname="tests.unit.test_release_gate_compiler" name="test_misplaced_gate_does_not_disappear_beside_valid_gate[False-None-gates]" time="0.006" /><testcase classname="tests.unit.test_release_gate_compiler" name="test_misplaced_gate_does_not_disappear_beside_valid_gate[False-quality_assurance-binary_release_gates]" time="0.006" /><testcase classname="tests.unit.test_release_gate_compiler" name="test_misplaced_gate_does_not_disappear_beside_valid_gate[False-quality_assurance-release_gate]" time="0.006" /><testcase classname="tests.unit.test_release_gate_compiler" name="test_misplaced_gate_does_not_disappear_beside_valid_gate[False-release-gates]" time="0.005" /><testcase classname="tests.unit.test_release_gate_compiler" name="test_misplaced_gate_does_not_disappear_beside_valid_gate[True-None-release_gates]" time="0.006" /><testcase classname="tests.unit.test_release_gate_compiler" name="test_misplaced_gate_does_not_disappear_beside_valid_gate[True-None-binary_release_gate]" time="0.007" /><testcase classname="tests.unit.test_release_gate_compiler" name="test_misplaced_gate_does_not_disappear_beside_valid_gate[True-None-binary_release_gatez]" time="0.006" /><testcase classname="tests.unit.test_release_gate_compiler" name="test_misplaced_gate_does_not_disappear_beside_valid_gate[True-None-binary_release_gates_v2]" time="0.006" /><testcase classname="tests.unit.test_release_gate_compiler" name="test_misplaced_gate_does_not_disappear_beside_valid_gate[True-None-release_gates_extra]" time="0.007" /><testcase classname="tests.unit.test_release_gate_compiler" name="test_misplaced_gate_does_not_disappear_beside_valid_gate[True-None-gates]" time="0.008" /><testcase classname="tests.unit.test_release_gate_compiler" name="test_misplaced_gate_does_not_disappear_beside_valid_gate[True-quality_assurance-binary_release_gates]" time="0.008" /><testcase classname="tests.unit.test_release_gate_compiler" name="test_misplaced_gate_does_not_disappear_beside_valid_gate[True-quality_assurance-release_gate]" time="0.008" /><testcase classname="tests.unit.test_release_gate_compiler" name="test_misplaced_gate_does_not_disappear_beside_valid_gate[True-release-gates]" time="0.006" /><testcase classname="tests.unit.test_release_gate_compiler" name="test_empty_declared_gate_collection_is_not_absent[native-map]" time="0.007" /><testcase classname="tests.unit.test_release_gate_compiler" name="test_empty_declared_gate_collection_is_not_absent[native-list]" time="0.009" /><testcase classname="tests.unit.test_release_gate_compiler" name="test_empty_declared_gate_collection_is_not_absent[canonical]" time="0.007" /><testcase classname="tests.unit.test_release_gate_compiler" name="test_gate_words_in_prose_or_action_data_are_not_declarations" time="0.007" /><testcase classname="tests.unit.test_release_gate_admission_boundaries" name="test_parent_alias_cannot_hide_a_gate[False-quality_assurence]" time="0.007" /><testcase classname="tests.unit.test_release_gate_admission_boundaries" name="test_parent_alias_cannot_hide_a_gate[False-Quality_Assurance]" time="0.005" /><testcase classname="tests.unit.test_release_gate_admission_boundaries" name="test_parent_alias_cannot_hide_a_gate[False-quality-assurance]" time="0.006" /><testcase classname="tests.unit.test_release_gate_admission_boundaries" name="test_parent_alias_cannot_hide_a_gate[False-qualityassurance]" time="0.005" /><testcase classname="tests.unit.test_release_gate_admission_boundaries" name="test_parent_alias_cannot_hide_a_gate[False-qa]" time="0.004" /><testcase classname="tests.unit.test_release_gate_admission_boundaries" name="test_parent_alias_cannot_hide_a_gate[False-releases]" time="0.004" /><testcase classname="tests.unit.test_release_gate_admission_boundaries" name="test_parent_alias_cannot_hide_a_gate[True-quality_assurence]" time="0.005" /><testcase classname="tests.unit.test_release_gate_admission_boundaries" name="test_parent_alias_cannot_hide_a_gate[True-Quality_Assurance]" time="0.004" /><testcase classname="tests.unit.test_release_gate_admission_boundaries" name="test_parent_alias_cannot_hide_a_gate[True-quality-assurance]" time="0.005" /><testcase classname="tests.unit.test_release_gate_admission_boundaries" name="test_parent_alias_cannot_hide_a_gate[True-qualityassurance]" time="0.004" /><testcase classname="tests.unit.test_release_gate_admission_boundaries" name="test_parent_alias_cannot_hide_a_gate[True-qa]" time="0.005" /><testcase classname="tests.unit.test_release_gate_admission_boundaries" name="test_parent_alias_cannot_hide_a_gate[True-releases]" time="0.004" /><testcase classname="tests.unit.test_release_gate_admission_boundaries" name="test_metadata_parent_requires_an_object[None-quality_assurance]" time="0.004" /><testcase classname="tests.unit.test_release_gate_admission_boundaries" name="test_metadata_parent_requires_an_object[None-release]" time="0.005" /><testcase classname="tests.unit.test_release_gate_admission_boundaries" name="test_metadata_parent_requires_an_object[None-acceptance]" time="0.009" /><testcase classname="tests.unit.test_release_gate_admission_boundaries" name="test_metadata_parent_requires_an_object[value1-quality_assurance]" time="0.005" /><testcase classname="tests.unit.test_release_gate_admission_boundaries" name="test_metadata_parent_requires_an_object[value1-release]" time="0.004" /><testcase classname="tests.unit.test_release_gate_admission_boundaries" name="test_metadata_parent_requires_an_object[value1-acceptance]" time="0.004" /><testcase classname="tests.unit.test_release_gate_admission_boundaries" name="test_metadata_parent_requires_an_object[value2-quality_assurance]" time="0.004" /><testcase classname="tests.unit.test_release_gate_admission_boundaries" name="test_metadata_parent_requires_an_object[value2-release]" time="0.004" /><testcase classname="tests.unit.test_release_gate_admission_boundaries" name="test_metadata_parent_requires_an_object[value2-acceptance]" time="0.004" /><testcase classname="tests.unit.test_release_gate_admission_boundaries" name="test_metadata_parent_requires_an_object[False-quality_assurance]" time="0.004" /><testcase classname="tests.unit.test_release_gate_admission_boundaries" name="test_metadata_parent_requires_an_object[False-release]" time="0.005" /><testcase classname="tests.unit.test_release_gate_admission_boundaries" name="test_metadata_parent_requires_an_object[False-acceptance]" time="0.004" /><testcase classname="tests.unit.test_release_gate_admission_boundaries" name="test_metadata_parent_requires_an_object[0-quality_assurance]" time="0.004" /><testcase classname="tests.unit.test_release_gate_admission_boundaries" name="test_metadata_parent_requires_an_object[0-release]" time="0.005" /><testcase classname="tests.unit.test_release_gate_admission_boundaries" name="test_metadata_parent_requires_an_object[0-acceptance]" time="0.004" /><testcase classname="tests.unit.test_release_gate_admission_boundaries" name="test_metadata_parent_requires_an_object[all checks-quality_assurance]" time="0.004" /><testcase classname="tests.unit.test_release_gate_admission_boundaries" name="test_metadata_parent_requires_an_object[all checks-release]" time="0.004" /><testcase classname="tests.unit.test_release_gate_admission_boundaries" name="test_metadata_parent_requires_an_object[all checks-acceptance]" time="0.004" /><testcase classname="tests.unit.test_release_gate_admission_boundaries" name="test_nested_release_wrapper_cannot_hide_gate[False]" time="0.004" /><testcase classname="tests.unit.test_release_gate_admission_boundaries" name="test_nested_release_wrapper_cannot_hide_gate[True]" time="0.004" /><testcase classname="tests.unit.test_release_gate_admission_boundaries" name="test_entry_metadata_gate_cannot_be_dropped[False-criterion-map]" time="0.004" /><testcase classname="tests.unit.test_release_gate_admission_boundaries" name="test_entry_metadata_gate_cannot_be_dropped[False-criterion-array]" time="0.004" /><testcase classname="tests.unit.test_release_gate_admission_boundaries" name="test_entry_metadata_gate_cannot_be_dropped[False-requirement-map]" time="0.004" /><testcase classname="tests.unit.test_release_gate_admission_boundaries" name="test_entry_metadata_gate_cannot_be_dropped[False-requirement-array]" time="0.004" /><testcase classname="tests.unit.test_release_gate_admission_boundaries" name="test_entry_metadata_gate_cannot_be_dropped[False-acceptance]" time="0.004" /><testcase classname="tests.unit.test_release_gate_admission_boundaries" name="test_entry_metadata_gate_cannot_be_dropped[True-criterion-map]" time="0.004" /><testcase classname="tests.unit.test_release_gate_admission_boundaries" name="test_entry_metadata_gate_cannot_be_dropped[True-criterion-array]" time="0.004" /><testcase classname="tests.unit.test_release_gate_admission_boundaries" name="test_entry_metadata_gate_cannot_be_dropped[True-requirement-map]" time="0.004" /><testcase classname="tests.unit.test_release_gate_admission_boundaries" name="test_entry_metadata_gate_cannot_be_dropped[True-requirement-array]" time="0.004" /><testcase classname="tests.unit.test_release_gate_admission_boundaries" name="test_entry_metadata_gate_cannot_be_dropped[True-acceptance]" time="0.004" /><testcase classname="tests.unit.test_release_gate_admission_boundaries" name="test_two_edit_and_named_synonym_gate_fields_are_not_ignored[False-relase_gate]" time="0.004" /><testcase classname="tests.unit.test_release_gate_admission_boundaries" name="test_two_edit_and_named_synonym_gate_fields_are_not_ignored[False-relese_gats]" time="0.004" /><testcase classname="tests.unit.test_release_gate_admission_boundaries" name="test_two_edit_and_named_synonym_gate_fields_are_not_ignored[False-quality_gates]" time="0.004" /><testcase classname="tests.unit.test_release_gate_admission_boundaries" name="test_two_edit_and_named_synonym_gate_fields_are_not_ignored[False-go_live_gates]" time="0.004" /><testcase classname="tests.unit.test_release_gate_admission_boundaries" name="test_two_edit_and_named_synonym_gate_fields_are_not_ignored[True-relase_gate]" time="0.004" /><testcase classname="tests.unit.test_release_gate_admission_boundaries" name="test_two_edit_and_named_synonym_gate_fields_are_not_ignored[True-relese_gats]" time="0.004" /><testcase classname="tests.unit.test_release_gate_admission_boundaries" name="test_two_edit_and_named_synonym_gate_fields_are_not_ignored[True-quality_gates]" time="0.004" /><testcase classname="tests.unit.test_release_gate_admission_boundaries" name="test_two_edit_and_named_synonym_gate_fields_are_not_ignored[True-go_live_gates]" time="0.004" /><testcase classname="tests.unit.test_release_gate_admission_boundaries" name="test_gate_ids_with_surrounding_whitespace_are_rejected[ GATE-001-native-map]" time="0.004" /><testcase classname="tests.unit.test_release_gate_admission_boundaries" name="test_gate_ids_with_surrounding_whitespace_are_rejected[ GATE-001-native-array]" time="0.004" /><testcase classname="tests.unit.test_release_gate_admission_boundaries" name="test_gate_ids_with_surrounding_whitespace_are_rejected[ GATE-001-canonical-map]" time="0.004" /><testcase classname="tests.unit.test_release_gate_admission_boundaries" name="test_gate_ids_with_surrounding_whitespace_are_rejected[GATE-001 -native-map]" time="0.004" /><testcase classname="tests.unit.test_release_gate_admission_boundaries" name="test_gate_ids_with_surrounding_whitespace_are_rejected[GATE-001 -native-array]" time="0.004" /><testcase classname="tests.unit.test_release_gate_admission_boundaries" name="test_gate_ids_with_surrounding_whitespace_are_rejected[GATE-001 -canonical-map]" time="0.004" /><testcase classname="tests.unit.test_release_gate_admission_boundaries" name="test_gate_ids_with_surrounding_whitespace_are_rejected[\tGATE-001\n-native-map]" time="0.004" /><testcase classname="tests.unit.test_release_gate_admission_boundaries" name="test_gate_ids_with_surrounding_whitespace_are_rejected[\tGATE-001\n-native-array]" time="0.004" /><testcase classname="tests.unit.test_release_gate_admission_boundaries" name="test_gate_ids_with_surrounding_whitespace_are_rejected[\tGATE-001\n-canonical-map]" time="0.005" /><testcase classname="tests.unit.test_release_gate_admission_boundaries" name="test_gate_ids_with_surrounding_whitespace_are_rejected[\xa0GATE-001-native-map]" time="0.004" /><testcase classname="tests.unit.test_release_gate_admission_boundaries" name="test_gate_ids_with_surrounding_whitespace_are_rejected[\xa0GATE-001-native-array]" time="0.004" /><testcase classname="tests.unit.test_release_gate_admission_boundaries" name="test_gate_ids_with_surrounding_whitespace_are_rejected[\xa0GATE-001-canonical-map]" time="0.004" /><testcase classname="tests.unit.test_release_gate_admission_boundaries" name="test_legitimate_payload_and_prose_are_not_gate_declarations[root-gate-text]" time="0.004" /><testcase classname="tests.unit.test_release_gate_admission_boundaries" name="test_legitimate_payload_and_prose_are_not_gate_declarations[root-gates-number]" time="0.004" /><testcase classname="tests.unit.test_release_gate_admission_boundaries" name="test_legitimate_payload_and_prose_are_not_gate_declarations[root-review-notes]" time="0.005" /><testcase classname="tests.unit.test_release_gate_admission_boundaries" name="test_legitimate_payload_and_prose_are_not_gate_declarations[root-notes]" time="0.004" /><testcase classname="tests.unit.test_release_gate_admission_boundaries" name="test_legitimate_payload_and_prose_are_not_gate_declarations[product-data]" time="0.004" /><testcase classname="tests.unit.test_release_gate_admission_boundaries" name="test_legitimate_payload_and_prose_are_not_gate_declarations[root-payload]" time="0.005" /><testcase classname="tests.unit.test_release_gate_admission_boundaries" name="test_legitimate_payload_and_prose_are_not_gate_declarations[quality-notes]" time="0.005" /><testcase classname="tests.unit.test_release_gate_admission_boundaries" name="test_legitimate_payload_and_prose_are_not_gate_declarations[release-notes]" time="0.005" /><testcase classname="tests.unit.test_release_gate_admission_boundaries" name="test_legitimate_payload_and_prose_are_not_gate_declarations[acceptance-notes]" time="0.005" /><testcase classname="tests.unit.test_release_gate_admission_boundaries" name="test_legitimate_payload_and_prose_are_not_gate_declarations[requirement-notes]" time="0.004" /><testcase classname="tests.unit.test_release_gate_admission_boundaries" name="test_legitimate_payload_and_prose_are_not_gate_declarations[criterion-notes]" time="0.004" /><testcase classname="tests.unit.test_release_gate_admission_boundaries" name="test_legitimate_payload_and_prose_are_not_gate_declarations[action-arguments]" time="0.004" /><testcase classname="tests.unit.test_release_gate_admission_boundaries" name="test_legitimate_payload_and_prose_are_not_gate_declarations[nested-action-arguments]" time="0.005" /><testcase classname="tests.unit.test_release_gate_admission_boundaries" name="test_legitimate_payload_and_prose_are_not_gate_declarations[given-value]" time="0.005" /><testcase classname="tests.unit.test_release_gate_admission_boundaries" name="test_legitimate_payload_and_prose_are_not_gate_declarations[then-value]" time="0.005" /><testcase classname="tests.unit.test_release_gate_admission_boundaries" name="test_legitimate_payload_and_prose_are_not_gate_declarations[root-prose]" time="0.005" /><testcase classname="tests.unit.test_release_gate_admission_boundaries" name="test_legitimate_payload_and_prose_are_not_gate_declarations[quality-prose]" time="0.005" /><testcase classname="tests.unit.test_release_gate_admission_boundaries" name="test_legitimate_payload_and_prose_are_not_gate_declarations[release-prose]" time="0.005" /><testcase classname="tests.unit.test_release_gate_admission_boundaries" name="test_legitimate_payload_and_prose_are_not_gate_declarations[requirement-prose]" time="0.005" /><testcase classname="tests.unit.test_release_gate_admission_boundaries" name="test_legitimate_payload_and_prose_are_not_gate_declarations[criterion-prose]" time="0.004" /><testcase classname="tests.unit.test_release_gate_admission_boundaries" name="test_ordinary_scalar_release_date_is_not_a_two_edit_gate_alias" time="0.005" /><testcase classname="tests.integration.test_release_gate_runtime" name="test_every_bound_gate_has_snapshot_bound_runtime_evidence[ok]" time="0.114" /><testcase classname="tests.integration.test_release_gate_runtime" name="test_every_bound_gate_has_snapshot_bound_runtime_evidence[broken]" time="0.100" /><testcase classname="tests.integration.test_release_gate_runtime" name="test_unbound_gate_fails_before_provider_or_workspace" time="0.005" /><testcase classname="tests.integration.test_release_gate_runtime" name="test_missing_criterion_outcome_is_not_inferred_pass" time="0.116" /></testsuite></testsuites>